{"D:\\experements\\NodeJS\\src\\types.ts": {"path":"D:\\experements\\NodeJS\\src\\types.ts","statementMap":{"0":{"start":{"line":1,"column":13},"end":{"line":10,"column":2}}},"fnMap":{},"branchMap":{},"s":{"0":1},"f":{},"b":{}}
,"D:\\experements\\NodeJS\\src\\users\\user.entity.ts": {"path":"D:\\experements\\NodeJS\\src\\users\\user.entity.ts","statementMap":{"0":{"start":{"line":1,"column":0},"end":{"line":1,"column":41}},"1":{"start":{"line":7,"column":19},"end":{"line":7,"column":32}},"2":{"start":{"line":8,"column":19},"end":{"line":8,"column":33}},"3":{"start":{"line":11,"column":2},"end":{"line":13,"column":null}},"4":{"start":{"line":12,"column":3},"end":{"line":12,"column":33}},"5":{"start":{"line":17,"column":2},"end":{"line":17,"column":20}},"6":{"start":{"line":21,"column":2},"end":{"line":21,"column":21}},"7":{"start":{"line":25,"column":2},"end":{"line":25,"column":24}},"8":{"start":{"line":29,"column":2},"end":{"line":29,"column":46}},"9":{"start":{"line":33,"column":2},"end":{"line":33,"column":43}},"10":{"start":{"line":3,"column":0},"end":{"line":3,"column":13}}},"fnMap":{"0":{"name":"(anonymous_7)","decl":{"start":{"line":6,"column":1},"end":{"line":6,"column":null}},"loc":{"start":{"line":9,"column":23},"end":{"line":14,"column":2}}},"1":{"name":"(anonymous_8)","decl":{"start":{"line":16,"column":1},"end":{"line":16,"column":5}},"loc":{"start":{"line":16,"column":9},"end":{"line":18,"column":2}}},"2":{"name":"(anonymous_9)","decl":{"start":{"line":20,"column":1},"end":{"line":20,"column":5}},"loc":{"start":{"line":20,"column":10},"end":{"line":22,"column":2}}},"3":{"name":"(anonymous_10)","decl":{"start":{"line":24,"column":1},"end":{"line":24,"column":5}},"loc":{"start":{"line":24,"column":13},"end":{"line":26,"column":2}}},"4":{"name":"(anonymous_11)","decl":{"start":{"line":28,"column":14},"end":{"line":28,"column":25}},"loc":{"start":{"line":28,"column":56},"end":{"line":30,"column":null}}},"5":{"name":"(anonymous_13)","decl":{"start":{"line":32,"column":14},"end":{"line":32,"column":31}},"loc":{"start":{"line":32,"column":48},"end":{"line":34,"column":null}}}},"branchMap":{"0":{"loc":{"start":{"line":11,"column":2},"end":{"line":13,"column":null}},"type":"if","locations":[{"start":{"line":11,"column":2},"end":{"line":13,"column":null}}]}},"s":{"0":1,"1":3,"2":3,"3":3,"4":2,"5":1,"6":1,"7":1,"8":1,"9":2,"10":1},"f":{"0":3,"1":1,"2":1,"3":1,"4":1,"5":2},"b":{"0":[2]}}
,"D:\\experements\\NodeJS\\src\\users\\user.service.ts": {"path":"D:\\experements\\NodeJS\\src\\users\\user.service.ts","statementMap":{"0":{"start":{"line":2,"column":0},"end":{"line":2,"column":47}},"1":{"start":{"line":4,"column":0},"end":{"line":4,"column":33}},"2":{"start":{"line":7,"column":0},"end":{"line":7,"column":37}},"3":{"start":{"line":12,"column":7},"end":{"line":41,"column":null}},"4":{"start":{"line":14,"column":39},"end":{"line":14,"column":68}},"5":{"start":{"line":15,"column":40},"end":{"line":15,"column":72}},"6":{"start":{"line":19,"column":2},"end":{"line":19,"column":41}},"7":{"start":{"line":23,"column":18},"end":{"line":23,"column":39}},"8":{"start":{"line":24,"column":15},"end":{"line":24,"column":45}},"9":{"start":{"line":25,"column":2},"end":{"line":25,"column":52}},"10":{"start":{"line":26,"column":22},"end":{"line":26,"column":59}},"11":{"start":{"line":27,"column":2},"end":{"line":29,"column":null}},"12":{"start":{"line":28,"column":3},"end":{"line":28,"column":15}},"13":{"start":{"line":30,"column":2},"end":{"line":30,"column":51}},"14":{"start":{"line":34,"column":22},"end":{"line":34,"column":59}},"15":{"start":{"line":35,"column":2},"end":{"line":37,"column":null}},"16":{"start":{"line":36,"column":3},"end":{"line":36,"column":16}},"17":{"start":{"line":38,"column":18},"end":{"line":38,"column":87}},"18":{"start":{"line":39,"column":2},"end":{"line":39,"column":45}},"19":{"start":{"line":12,"column":13},"end":{"line":41,"column":null}},"20":{"start":{"line":12,"column":13},"end":{"line":12,"column":24}}},"fnMap":{"0":{"name":"(anonymous_10)","decl":{"start":{"line":13,"column":1},"end":{"line":13,"column":null}},"loc":{"start":{"line":15,"column":72},"end":{"line":16,"column":5}}},"1":{"name":"(anonymous_11)","decl":{"start":{"line":18,"column":7},"end":{"line":18,"column":21}},"loc":{"start":{"line":18,"column":35},"end":{"line":20,"column":null}}},"2":{"name":"(anonymous_13)","decl":{"start":{"line":22,"column":7},"end":{"line":22,"column":17}},"loc":{"start":{"line":22,"column":60},"end":{"line":31,"column":null}}},"3":{"name":"(anonymous_15)","decl":{"start":{"line":33,"column":7},"end":{"line":33,"column":19}},"loc":{"start":{"line":33,"column":53},"end":{"line":40,"column":null}}}},"branchMap":{"0":{"loc":{"start":{"line":27,"column":2},"end":{"line":29,"column":null}},"type":"if","locations":[{"start":{"line":27,"column":2},"end":{"line":29,"column":null}}]},"1":{"loc":{"start":{"line":35,"column":2},"end":{"line":37,"column":null}},"type":"if","locations":[{"start":{"line":35,"column":2},"end":{"line":37,"column":null}}]},"2":{"loc":{"start":{"line":38,"column":27},"end":{"line":38,"column":44}},"type":"cond-expr","locations":[{"start":{"line":38,"column":38},"end":{"line":38,"column":40}},{"start":{"line":38,"column":27},"end":{"line":38,"column":44}}]},"3":{"loc":{"start":{"line":38,"column":27},"end":{"line":38,"column":40}},"type":"binary-expr","locations":[{"start":{"line":38,"column":27},"end":{"line":38,"column":40}},{"start":{"line":38,"column":27},"end":{"line":38,"column":40}}]},"4":{"loc":{"start":{"line":38,"column":46},"end":{"line":38,"column":64}},"type":"cond-expr","locations":[{"start":{"line":38,"column":57},"end":{"line":38,"column":59}},{"start":{"line":38,"column":46},"end":{"line":38,"column":64}}]},"5":{"loc":{"start":{"line":38,"column":46},"end":{"line":38,"column":59}},"type":"binary-expr","locations":[{"start":{"line":38,"column":46},"end":{"line":38,"column":59}},{"start":{"line":38,"column":46},"end":{"line":38,"column":59}}]}},"s":{"0":1,"1":1,"2":1,"3":1,"4":1,"5":1,"6":0,"7":1,"8":1,"9":1,"10":1,"11":1,"12":0,"13":1,"14":3,"15":3,"16":1,"17":2,"18":2,"19":1,"20":1},"f":{"0":1,"1":0,"2":1,"3":3},"b":{"0":[0],"1":[1],"2":[0,2],"3":[2,2],"4":[0,2],"5":[2,2]}}
}
