TN:
SF:src\types.ts
FNF:0
FNH:0
DA:1,1
LF:1
LH:1
BRF:0
BRH:0
end_of_record
TN:
SF:src\users\user.entity.ts
FN:6,(anonymous_7)
FN:16,(anonymous_8)
FN:20,(anonymous_9)
FN:24,(anonymous_10)
FN:28,(anonymous_11)
FN:32,(anonymous_13)
FNF:6
FNH:6
FNDA:3,(anonymous_7)
FNDA:1,(anonymous_8)
FNDA:1,(anonymous_9)
FNDA:1,(anonymous_10)
FNDA:1,(anonymous_11)
FNDA:2,(anonymous_13)
DA:1,1
DA:3,1
DA:7,3
DA:8,3
DA:11,3
DA:12,2
DA:17,1
DA:21,1
DA:25,1
DA:29,1
DA:33,2
LF:11
LH:11
BRDA:11,0,0,2
BRF:1
BRH:1
end_of_record
TN:
SF:src\users\user.service.ts
FN:13,(anonymous_10)
FN:18,(anonymous_11)
FN:22,(anonymous_13)
FN:33,(anonymous_15)
FNF:4
FNH:3
FNDA:1,(anonymous_10)
FNDA:0,(anonymous_11)
FNDA:1,(anonymous_13)
FNDA:3,(anonymous_15)
DA:2,1
DA:4,1
DA:7,1
DA:12,1
DA:14,1
DA:15,1
DA:19,0
DA:23,1
DA:24,1
DA:25,1
DA:26,1
DA:27,1
DA:28,0
DA:30,1
DA:34,3
DA:35,3
DA:36,1
DA:38,2
DA:39,2
LF:19
LH:17
BRDA:27,0,0,0
BRDA:35,1,0,1
BRDA:38,2,0,0
BRDA:38,2,1,2
BRDA:38,3,0,2
BRDA:38,3,1,2
BRDA:38,4,0,0
BRDA:38,4,1,2
BRDA:38,5,0,2
BRDA:38,5,1,2
BRF:10
BRH:7
end_of_record
